*WARNING* LIB basic from File /share/instsww/cadence/IC5141USR5/tools.lnx86/dfII/etc/cdsDotLibs/composer/cds.lib Line 1 redefines
LIB basic from File /home/ff/ee141/gpdk090_v3.9/cds.lib.cdb
Insert UNDEFINE basic
before DEFINE basic
    in /share/instsww/cadence/IC5141USR5/tools.lnx86/dfII/etc/cdsDotLibs/composer/cds.lib
Or remove or comment out DEFINE basic
    in /home/ff/ee141/gpdk090_v3.9/cds.lib.cdb
to suppress this warning message.
*WARNING* LIB US_8ths from File /share/instsww/cadence/IC5141USR5/tools.lnx86/dfII/etc/cdsDotLibs/composer/cds.lib Line 2 redefines
LIB US_8ths from File /home/ff/ee141/gpdk090_v3.9/cds.lib.cdb
Insert UNDEFINE US_8ths
before DEFINE US_8ths
    in /share/instsww/cadence/IC5141USR5/tools.lnx86/dfII/etc/cdsDotLibs/composer/cds.lib
Or remove or comment out DEFINE US_8ths
    in /home/ff/ee141/gpdk090_v3.9/cds.lib.cdb
to suppress this warning message.
*WARNING* LIB analogLib from File /share/instsww/cadence/IC5141USR5/tools.lnx86/dfII/etc/cdsDotLibs/artist/cds.lib Line 1 redefines
LIB analogLib from File /home/ff/ee141/gpdk090_v3.9/cds.lib.cdb
Insert UNDEFINE analogLib
before DEFINE analogLib
    in /share/instsww/cadence/IC5141USR5/tools.lnx86/dfII/etc/cdsDotLibs/artist/cds.lib
Or remove or comment out DEFINE analogLib
    in /home/ff/ee141/gpdk090_v3.9/cds.lib.cdb
to suppress this warning message.
*WARNING* LIB cdsDefTechLib from File /usr/local/cadence/IC5141USR5-copied-from-share-instsww/share/cdssetup/dfII/cds.lib Line 1 redefines
LIB cdsDefTechLib from File /share/instsww/cadence/IC5141USR5/share/cdssetup/dfII/cds.lib
Insert UNDEFINE cdsDefTechLib
before DEFINE cdsDefTechLib
    in /usr/local/cadence/IC5141USR5-copied-from-share-instsww/share/cdssetup/dfII/cds.lib
Or remove or comment out DEFINE cdsDefTechLib
    in /share/instsww/cadence/IC5141USR5/share/cdssetup/dfII/cds.lib
to suppress this warning message.
*WARNING* LIB basic from File /usr/local/cadence/IC5141USR5-copied-from-share-instsww/tools.lnx86/dfII/etc/cdsDotLibs/composer/cds.lib Line 1 redefines
LIB basic from File /share/instsww/cadence/IC5141USR5/tools.lnx86/dfII/etc/cdsDotLibs/composer/cds.lib
Insert UNDEFINE basic
before DEFINE basic
    in /usr/local/cadence/IC5141USR5-copied-from-share-instsww/tools.lnx86/dfII/etc/cdsDotLibs/composer/cds.lib
Or remove or comment out DEFINE basic
    in /share/instsww/cadence/IC5141USR5/tools.lnx86/dfII/etc/cdsDotLibs/composer/cds.lib
to suppress this warning message.
*WARNING* LIB US_8ths from File /usr/local/cadence/IC5141USR5-copied-from-share-instsww/tools.lnx86/dfII/etc/cdsDotLibs/composer/cds.lib Line 2 redefines
LIB US_8ths from File /share/instsww/cadence/IC5141USR5/tools.lnx86/dfII/etc/cdsDotLibs/composer/cds.lib
Insert UNDEFINE US_8ths
before DEFINE US_8ths
    in /usr/local/cadence/IC5141USR5-copied-from-share-instsww/tools.lnx86/dfII/etc/cdsDotLibs/composer/cds.lib
Or remove or comment out DEFINE US_8ths
    in /share/instsww/cadence/IC5141USR5/tools.lnx86/dfII/etc/cdsDotLibs/composer/cds.lib
to suppress this warning message.
*WARNING* LIB analogLib from File /usr/local/cadence/IC5141USR5-copied-from-share-instsww/tools.lnx86/dfII/etc/cdsDotLibs/artist/cds.lib Line 1 redefines
LIB analogLib from File /share/instsww/cadence/IC5141USR5/tools.lnx86/dfII/etc/cdsDotLibs/artist/cds.lib
Insert UNDEFINE analogLib
before DEFINE analogLib
    in /usr/local/cadence/IC5141USR5-copied-from-share-instsww/tools.lnx86/dfII/etc/cdsDotLibs/artist/cds.lib
Or remove or comment out DEFINE analogLib
    in /share/instsww/cadence/IC5141USR5/tools.lnx86/dfII/etc/cdsDotLibs/artist/cds.lib
to suppress this warning message.
*WARNING* LIB functional from File /usr/local/cadence/IC5141USR5-copied-from-share-instsww/tools.lnx86/dfII/etc/cdsDotLibs/artist/cds.lib Line 2 redefines
LIB functional from File /share/instsww/cadence/IC5141USR5/tools.lnx86/dfII/etc/cdsDotLibs/artist/cds.lib
Insert UNDEFINE functional
before DEFINE functional
    in /usr/local/cadence/IC5141USR5-copied-from-share-instsww/tools.lnx86/dfII/etc/cdsDotLibs/artist/cds.lib
Or remove or comment out DEFINE functional
    in /share/instsww/cadence/IC5141USR5/tools.lnx86/dfII/etc/cdsDotLibs/artist/cds.lib
to suppress this warning message.
*WARNING* LIB rfLib from File /usr/local/cadence/IC5141USR5-copied-from-share-instsww/tools.lnx86/dfII/etc/cdsDotLibs/spectre/cds.lib Line 1 redefines
LIB rfLib from File /share/instsww/cadence/IC5141USR5/tools.lnx86/dfII/etc/cdsDotLibs/spectre/cds.lib
Insert UNDEFINE rfLib
before DEFINE rfLib
    in /usr/local/cadence/IC5141USR5-copied-from-share-instsww/tools.lnx86/dfII/etc/cdsDotLibs/spectre/cds.lib
Or remove or comment out DEFINE rfLib
    in /share/instsww/cadence/IC5141USR5/tools.lnx86/dfII/etc/cdsDotLibs/spectre/cds.lib
to suppress this warning message.
*WARNING* LIB rfExamples from File /usr/local/cadence/IC5141USR5-copied-from-share-instsww/tools.lnx86/dfII/etc/cdsDotLibs/spectre/cds.lib Line 2 redefines
LIB rfExamples from File /share/instsww/cadence/IC5141USR5/tools.lnx86/dfII/etc/cdsDotLibs/spectre/cds.lib
Insert UNDEFINE rfExamples
before DEFINE rfExamples
    in /usr/local/cadence/IC5141USR5-copied-from-share-instsww/tools.lnx86/dfII/etc/cdsDotLibs/spectre/cds.lib
Or remove or comment out DEFINE rfExamples
    in /share/instsww/cadence/IC5141USR5/tools.lnx86/dfII/etc/cdsDotLibs/spectre/cds.lib
to suppress this warning message.
*WARNING* LIB ahdlLib from File /usr/local/cadence/IC5141USR5-copied-from-share-instsww/tools.lnx86/dfII/etc/cdsDotLibs/spectre/cds.lib Line 3 redefines
LIB ahdlLib from File /share/instsww/cadence/IC5141USR5/tools.lnx86/dfII/etc/cdsDotLibs/spectre/cds.lib
Insert UNDEFINE ahdlLib
before DEFINE ahdlLib
    in /usr/local/cadence/IC5141USR5-copied-from-share-instsww/tools.lnx86/dfII/etc/cdsDotLibs/spectre/cds.lib
Or remove or comment out DEFINE ahdlLib
    in /share/instsww/cadence/IC5141USR5/tools.lnx86/dfII/etc/cdsDotLibs/spectre/cds.lib
to suppress this warning message.

Running simulation in directory: "/home/cc/ee141/fa12/class/ee141-aj/labs/LVS".

Loading gpdk090/libInit.il ...
	Loading gpdk090/loadCxt.ile ... done!
	Loading context 'gpdk090' from library 'gpdk090' ... done!
	Loading context 'pdkUtils' from library 'gpdk090' ... done!
	Loading gpdk090/.cdsenv ... done!
	Loading gpdk090/libInitCustomExit.il ... 
  *************************************************************           
  *              Cadence Design Systems, Inc.                 *           
  *                                                           *           
  *                    Generic 90nm PDK                       *           
  *                        (gpdk090)                          *           
  *                                                           *           
  *************************************************************           
*Error* eval: unbound variable - libPath
*Error* load: error while loading file - "/home/ff/ee141/gpdk090_v3.9/libs.cdb/gpdk090/libInitCustomExit.il"
failed!
Failed to load gpdk090/libInit.il successfully!

Begin netlist:    Sep 18 17:31:59 2012
	view name list	= ("auLvs" "extracted" "schematic")
	stop name list	= ("auLvs")
	library name	= "labs"
	cell name	= "inv"
	view name	= "extracted"
	globals lib	= "basic"
Running Artist Flat Netlisting ...
End netlist:    Sep 18 17:32:00 2012

Moving original netlist to extNetlist
Removing parasitic components from netlist
	presistors removed:  0
	pcapacitors removed: 0
	pinductors removed:  0
	pdiodes removed:     0
	trans lines removed: 0
	4 nodes merged into 4 nodes


Begin netlist:    Sep 18 17:32:00 2012
	view name list	= ("auLvs" "schematic")
	stop name list	= ("auLvs")
	library name	= "labs"
	cell name	= "inv"
	view name	= "schematic"
	globals lib	= "basic"
Running Artist Flat Netlisting ...
End netlist:    Sep 18 17:32:00 2012

Moving original netlist to extNetlist
Removing parasitic components from netlist
	presistors removed:  0
	pcapacitors removed: 0
	pinductors removed:  0
	pdiodes removed:     0
	trans lines removed: 0
	6 nodes merged into 6 nodes

Running netlist comparison program:  LVS
Begin comparison:    Sep 18 17:32:00 2012
@(#)$CDS: LVS.exe version 5.1.0 06/20/2007 02:10 (cicln03) $

The net-lists match.

			     layout  schematic
				instances
	un-matched		0	0
	rewired			0	0
	size errors		0	0
	pruned			0	0
	active			2	2
	total			2	2

				  nets
	un-matched		0	0
	merged			0	0
	pruned			0	0
	active			4	4
	total			4	4

				terminals
	un-matched		0	0
	matched but
	different type		1	1
	total			4	4
End comparison:      Sep 18 17:32:00 2012


Comparison program completed successfully.
