@(#)$CDS: LVS.exe version 5.1.0 06/20/2007 02:10 (cicln03) $

Command line: /usr/local/cadence/IC5141USR5-copied-from-share-instsww/tools.lnx86/dfII/bin/32bit/LVS.exe -dir /home/cc/ee141/fa12/class/ee141-aj/labs/LVS -l -s -x/home/cc/ee141/fa12/class/ee141-aj/labs/LVS/xref.out -f -t /home/cc/ee141/fa12/class/ee141-aj/labs/LVS/layout /home/cc/ee141/fa12/class/ee141-aj/labs/LVS/schematic
Like matching is enabled.
Net swapping is enabled.
Creating cross reference file /home/cc/ee141/fa12/class/ee141-aj/labs/LVS/xref.out.
Fixed device checking is enabled.
Using terminal names as correspondence points.

 GENERIC PDK LVS Rules

    Net-list summary for /home/cc/ee141/fa12/class/ee141-aj/labs/LVS/layout/netlist
       count
	4		nets
	4		terminals
	1		pmos1v
	1		nmos1v

    Net-list summary for /home/cc/ee141/fa12/class/ee141-aj/labs/LVS/schematic/netlist
       count
	4		nets
	4		terminals
	1		pmos1v
	1		nmos1v


    Terminal correspondence points
    N0        N0        GND!
    N1        N1        VDD!
    N3        N3        in
    N2        N5        out

Devices in the rules but not in the netlist:
        nmos1v_hvt nmos1v_iso nmos1v_nat nmos2v nmos2v_nat pmos1v_hvt pmos2v
        resm1 resm2 resm3 resm4 resm5 resm6 resm7 resm8 resm9 resnsndiff
        resnsnpoly resnspdiff resnsppoly resnwoxide resnwsti ressndiff
        ressnpoly resspdiff ressppoly nmoscap1v nmoscap1v3 nmoscap2v
        nmoscap2v3 pmoscap1v pmoscap1v3 pmoscap2v pmoscap2v3 pnp npn vpnp2
        vpnp5 vpnp10 ndio pdio mimcap

The net-lists match.

			     layout  schematic
				instances
	un-matched		0	0
	rewired			0	0
	size errors		0	0
	pruned			0	0
	active			2	2
	total			2	2

				  nets
	un-matched		0	0
	merged			0	0
	pruned			0	0
	active			4	4
	total			4	4

				terminals
	un-matched		0	0
	matched but
	different type		1	1
	total			4	4


Probe files from /home/cc/ee141/fa12/class/ee141-aj/labs/LVS/schematic

devbad.out:

netbad.out:

mergenet.out:

termbad.out:
? Terminal out's type in the schematic: input, in the layout: output

prunenet.out:

prunedev.out:

audit.out:


Probe files from /home/cc/ee141/fa12/class/ee141-aj/labs/LVS/layout

devbad.out:

netbad.out:

mergenet.out:

termbad.out:
? Terminal out's type in the layout: output, in the schematic: input

prunenet.out:

prunedev.out:

audit.out:
